25-08-11 14:09:39.367 [main] INFO  n.e.journalApp.JournalApplication --- Starting JournalApplication using Java 21.0.1 with PID 23912 (C:\Users\HP\Downloads\journalApp\Spring Boot\journalApp\target\classes started by Saif Ali in C:\Users\HP\Downloads\journalApp\Spring Boot)    
25-08-11 14:09:39.383 [main] INFO  n.e.journalApp.JournalApplication --- No active profile set, falling back to 1 default profile: "default"    
25-08-11 14:09:40.431 [main] INFO  o.s.d.r.c.RepositoryConfigurationDelegate --- Multiple Spring Data modules found, entering strict repository configuration mode    
25-08-11 14:09:40.433 [main] INFO  o.s.d.r.c.RepositoryConfigurationDelegate --- Bootstrapping Spring Data MongoDB repositories in DEFAULT mode.    
25-08-11 14:09:40.627 [main] INFO  o.s.d.r.c.RepositoryConfigurationDelegate --- Finished Spring Data repository scanning in 188 ms. Found 3 MongoDB repository interfaces.    
25-08-11 14:09:40.655 [main] INFO  o.s.d.r.c.RepositoryConfigurationDelegate --- Multiple Spring Data modules found, entering strict repository configuration mode    
25-08-11 14:09:40.658 [main] INFO  o.s.d.r.c.RepositoryConfigurationDelegate --- Bootstrapping Spring Data Redis repositories in DEFAULT mode.    
25-08-11 14:09:40.685 [main] INFO  o.s.d.r.c.RepositoryConfigurationExtensionSupport --- Spring Data Redis - Could not safely identify store assignment for repository candidate interface net.engineeringsaif.journalApp.repository.ConfigJournalAppRepository; If you want this repository to be a Redis repository, consider annotating your entities with one of these annotations: org.springframework.data.redis.core.RedisHash (preferred), or consider extending one of the following types with your repository: org.springframework.data.keyvalue.repository.KeyValueRepository    
25-08-11 14:09:40.686 [main] INFO  o.s.d.r.c.RepositoryConfigurationExtensionSupport --- Spring Data Redis - Could not safely identify store assignment for repository candidate interface net.engineeringsaif.journalApp.repository.JournalEntryRepository; If you want this repository to be a Redis repository, consider annotating your entities with one of these annotations: org.springframework.data.redis.core.RedisHash (preferred), or consider extending one of the following types with your repository: org.springframework.data.keyvalue.repository.KeyValueRepository    
25-08-11 14:09:40.687 [main] INFO  o.s.d.r.c.RepositoryConfigurationExtensionSupport --- Spring Data Redis - Could not safely identify store assignment for repository candidate interface net.engineeringsaif.journalApp.repository.UserRepository; If you want this repository to be a Redis repository, consider annotating your entities with one of these annotations: org.springframework.data.redis.core.RedisHash (preferred), or consider extending one of the following types with your repository: org.springframework.data.keyvalue.repository.KeyValueRepository    
25-08-11 14:09:40.688 [main] INFO  o.s.d.r.c.RepositoryConfigurationDelegate --- Finished Spring Data repository scanning in 18 ms. Found 0 Redis repository interfaces.    
25-08-11 14:09:41.458 [main] INFO  o.s.b.w.e.tomcat.TomcatWebServer --- Tomcat initialized with port 8081 (http)    
25-08-11 14:09:41.471 [main] INFO  o.a.coyote.http11.Http11NioProtocol --- Initializing ProtocolHandler ["http-nio-8081"]    
25-08-11 14:09:41.474 [main] INFO  o.a.catalina.core.StandardService --- Starting service [Tomcat]    
25-08-11 14:09:41.474 [main] INFO  o.a.catalina.core.StandardEngine --- Starting Servlet engine: [Apache Tomcat/10.1.42]    
25-08-11 14:09:41.558 [main] INFO  o.a.c.c.C.[.[localhost].[/journal] --- Initializing Spring embedded WebApplicationContext    
25-08-11 14:09:41.558 [main] INFO  o.s.b.w.s.c.ServletWebServerApplicationContext --- Root WebApplicationContext: initialization completed in 2086 ms    
25-08-11 14:09:42.094 [main] INFO  org.mongodb.driver.client --- MongoClient with metadata {"application": {"name": "Cluster0"}, "driver": {"name": "mongo-java-driver|sync|spring-boot", "version": "5.0.1"}, "os": {"type": "Windows", "name": "Windows 11", "architecture": "amd64", "version": "10.0"}, "platform": "Java/Oracle Corporation/21.0.1+12-LTS-29"} created with settings MongoClientSettings{readPreference=primary, writeConcern=WriteConcern{w=majority, wTimeout=null ms, journal=null}, retryWrites=true, retryReads=true, readConcern=ReadConcern{level=null}, credential=MongoCredential{mechanism=null, userName='mdsaifalikhan493', source='admin', password=<hidden>, mechanismProperties=<hidden>}, transportSettings=null, commandListeners=[], codecRegistry=ProvidersCodecRegistry{codecProviders=[ValueCodecProvider{}, BsonValueCodecProvider{}, DBRefCodecProvider{}, DBObjectCodecProvider{}, DocumentCodecProvider{}, CollectionCodecProvider{}, IterableCodecProvider{}, MapCodecProvider{}, GeoJsonCodecProvider{}, GridFSFileCodecProvider{}, Jsr310CodecProvider{}, JsonObjectCodecProvider{}, BsonCodecProvider{}, EnumCodecProvider{}, com.mongodb.client.model.mql.ExpressionCodecProvider@62cbc478, com.mongodb.Jep395RecordCodecProvider@5438fa43, com.mongodb.KotlinCodecProvider@512abf25]}, loggerSettings=LoggerSettings{maxDocumentLength=1000}, clusterSettings={hosts=[127.0.0.1:27017], srvHost=cluster0.ulnohfc.mongodb.net, srvServiceName=mongodb, mode=MULTIPLE, requiredClusterType=REPLICA_SET, requiredReplicaSetName='atlas-1wxpy7-shard-0', serverSelector='null', clusterListeners='[]', serverSelectionTimeout='30000 ms', localThreshold='15 ms'}, socketSettings=SocketSettings{connectTimeoutMS=10000, readTimeoutMS=0, receiveBufferSize=0, proxySettings=ProxySettings{host=null, port=null, username=null, password=null}}, heartbeatSocketSettings=SocketSettings{connectTimeoutMS=10000, readTimeoutMS=10000, receiveBufferSize=0, proxySettings=ProxySettings{host=null, port=null, username=null, password=null}}, connectionPoolSettings=ConnectionPoolSettings{maxSize=100, minSize=0, maxWaitTimeMS=120000, maxConnectionLifeTimeMS=0, maxConnectionIdleTimeMS=0, maintenanceInitialDelayMS=0, maintenanceFrequencyMS=60000, connectionPoolListeners=[], maxConnecting=2}, serverSettings=ServerSettings{heartbeatFrequencyMS=10000, minHeartbeatFrequencyMS=500, serverListeners='[]', serverMonitorListeners='[]'}, sslSettings=SslSettings{enabled=true, invalidHostNameAllowed=false, context=null}, applicationName='Cluster0', compressorList=[], uuidRepresentation=JAVA_LEGACY, serverApi=null, autoEncryptionSettings=null, dnsClient=null, inetAddressResolver=null, contextProvider=null}    
25-08-11 14:09:42.177 [cluster-ClusterId{value='6899ac4e92620f6336814296', description='Cluster0'}-srv-cluster0.ulnohfc.mongodb.net] INFO  org.mongodb.driver.cluster --- Adding discovered server ac-quzdbxh-shard-00-00.ulnohfc.mongodb.net:27017 to client view of cluster    
25-08-11 14:09:42.216 [cluster-ClusterId{value='6899ac4e92620f6336814296', description='Cluster0'}-srv-cluster0.ulnohfc.mongodb.net] INFO  org.mongodb.driver.cluster --- Adding discovered server ac-quzdbxh-shard-00-01.ulnohfc.mongodb.net:27017 to client view of cluster    
25-08-11 14:09:42.220 [cluster-ClusterId{value='6899ac4e92620f6336814296', description='Cluster0'}-srv-cluster0.ulnohfc.mongodb.net] INFO  org.mongodb.driver.cluster --- Adding discovered server ac-quzdbxh-shard-00-02.ulnohfc.mongodb.net:27017 to client view of cluster    
25-08-11 14:09:42.457 [main] INFO  org.mongodb.driver.cluster --- Waiting for server to become available for operation with ID 1. Remaining time: 30000 ms. Selector: WritableServerSelector, topology description: {type=REPLICA_SET, servers=[{address=ac-quzdbxh-shard-00-00.ulnohfc.mongodb.net:27017, type=UNKNOWN, state=CONNECTING}, {address=ac-quzdbxh-shard-00-02.ulnohfc.mongodb.net:27017, type=UNKNOWN, state=CONNECTING}, {address=ac-quzdbxh-shard-00-01.ulnohfc.mongodb.net:27017, type=UNKNOWN, state=CONNECTING}].    
25-08-11 14:09:42.798 [cluster-ClusterId{value='6899ac4e92620f6336814296', description='Cluster0'}-ac-quzdbxh-shard-00-02.ulnohfc.mongodb.net:27017] INFO  org.mongodb.driver.cluster --- Exception in monitor thread while connecting to server ac-quzdbxh-shard-00-02.ulnohfc.mongodb.net:27017    
com.mongodb.MongoSocketWriteException: Exception sending message
	at com.mongodb.internal.connection.InternalStreamConnection.translateWriteException(InternalStreamConnection.java:691)
	at com.mongodb.internal.connection.InternalStreamConnection.sendMessage(InternalStreamConnection.java:564)
	at com.mongodb.internal.connection.InternalStreamConnection.sendCommandMessage(InternalStreamConnection.java:396)
	at com.mongodb.internal.connection.InternalStreamConnection.sendAndReceive(InternalStreamConnection.java:346)
	at com.mongodb.internal.connection.CommandHelper.sendAndReceive(CommandHelper.java:92)
	at com.mongodb.internal.connection.CommandHelper.executeCommand(CommandHelper.java:48)
	at com.mongodb.internal.connection.InternalStreamConnectionInitializer.initializeConnectionDescription(InternalStreamConnectionInitializer.java:130)
	at com.mongodb.internal.connection.InternalStreamConnectionInitializer.startHandshake(InternalStreamConnectionInitializer.java:78)
	at com.mongodb.internal.connection.InternalStreamConnection.open(InternalStreamConnection.java:203)
	at com.mongodb.internal.connection.DefaultServerMonitor$ServerMonitorRunnable.lookupServerDescription(DefaultServerMonitor.java:193)
	at com.mongodb.internal.connection.DefaultServerMonitor$ServerMonitorRunnable.run(DefaultServerMonitor.java:153)
	at java.base/java.lang.Thread.run(Thread.java:1583)
Caused by: javax.net.ssl.SSLException: Received fatal alert: internal_error
	at java.base/sun.security.ssl.Alert.createSSLException(Alert.java:132)
	at java.base/sun.security.ssl.Alert.createSSLException(Alert.java:117)
	at java.base/sun.security.ssl.TransportContext.fatal(TransportContext.java:365)
	at java.base/sun.security.ssl.Alert$AlertConsumer.consume(Alert.java:287)
	at java.base/sun.security.ssl.TransportContext.dispatch(TransportContext.java:204)
	at java.base/sun.security.ssl.SSLTransport.decode(SSLTransport.java:172)
	at java.base/sun.security.ssl.SSLSocketImpl.decode(SSLSocketImpl.java:1506)
	at java.base/sun.security.ssl.SSLSocketImpl.readHandshakeRecord(SSLSocketImpl.java:1421)
	at java.base/sun.security.ssl.SSLSocketImpl.startHandshake(SSLSocketImpl.java:455)
	at java.base/sun.security.ssl.SSLSocketImpl.ensureNegotiated(SSLSocketImpl.java:922)
	at java.base/sun.security.ssl.SSLSocketImpl$AppOutputStream.write(SSLSocketImpl.java:1291)
	at com.mongodb.internal.connection.SocketStream.write(SocketStream.java:165)
	at com.mongodb.internal.connection.InternalStreamConnection.sendMessage(InternalStreamConnection.java:561)
	... 10 common frames omitted
25-08-11 14:09:42.798 [cluster-ClusterId{value='6899ac4e92620f6336814296', description='Cluster0'}-ac-quzdbxh-shard-00-01.ulnohfc.mongodb.net:27017] INFO  org.mongodb.driver.cluster --- Exception in monitor thread while connecting to server ac-quzdbxh-shard-00-01.ulnohfc.mongodb.net:27017    
com.mongodb.MongoSocketWriteException: Exception sending message
	at com.mongodb.internal.connection.InternalStreamConnection.translateWriteException(InternalStreamConnection.java:691)
	at com.mongodb.internal.connection.InternalStreamConnection.sendMessage(InternalStreamConnection.java:564)
	at com.mongodb.internal.connection.InternalStreamConnection.sendCommandMessage(InternalStreamConnection.java:396)
	at com.mongodb.internal.connection.InternalStreamConnection.sendAndReceive(InternalStreamConnection.java:346)
	at com.mongodb.internal.connection.CommandHelper.sendAndReceive(CommandHelper.java:92)
	at com.mongodb.internal.connection.CommandHelper.executeCommand(CommandHelper.java:48)
	at com.mongodb.internal.connection.InternalStreamConnectionInitializer.initializeConnectionDescription(InternalStreamConnectionInitializer.java:130)
	at com.mongodb.internal.connection.InternalStreamConnectionInitializer.startHandshake(InternalStreamConnectionInitializer.java:78)
	at com.mongodb.internal.connection.InternalStreamConnection.open(InternalStreamConnection.java:203)
	at com.mongodb.internal.connection.DefaultServerMonitor$ServerMonitorRunnable.lookupServerDescription(DefaultServerMonitor.java:193)
	at com.mongodb.internal.connection.DefaultServerMonitor$ServerMonitorRunnable.run(DefaultServerMonitor.java:153)
	at java.base/java.lang.Thread.run(Thread.java:1583)
Caused by: javax.net.ssl.SSLException: Received fatal alert: internal_error
	at java.base/sun.security.ssl.Alert.createSSLException(Alert.java:132)
	at java.base/sun.security.ssl.Alert.createSSLException(Alert.java:117)
	at java.base/sun.security.ssl.TransportContext.fatal(TransportContext.java:365)
	at java.base/sun.security.ssl.Alert$AlertConsumer.consume(Alert.java:287)
	at java.base/sun.security.ssl.TransportContext.dispatch(TransportContext.java:204)
	at java.base/sun.security.ssl.SSLTransport.decode(SSLTransport.java:172)
	at java.base/sun.security.ssl.SSLSocketImpl.decode(SSLSocketImpl.java:1506)
	at java.base/sun.security.ssl.SSLSocketImpl.readHandshakeRecord(SSLSocketImpl.java:1421)
	at java.base/sun.security.ssl.SSLSocketImpl.startHandshake(SSLSocketImpl.java:455)
	at java.base/sun.security.ssl.SSLSocketImpl.ensureNegotiated(SSLSocketImpl.java:922)
	at java.base/sun.security.ssl.SSLSocketImpl$AppOutputStream.write(SSLSocketImpl.java:1291)
	at com.mongodb.internal.connection.SocketStream.write(SocketStream.java:165)
	at com.mongodb.internal.connection.InternalStreamConnection.sendMessage(InternalStreamConnection.java:561)
	... 10 common frames omitted
25-08-11 14:09:42.798 [cluster-ClusterId{value='6899ac4e92620f6336814296', description='Cluster0'}-ac-quzdbxh-shard-00-00.ulnohfc.mongodb.net:27017] INFO  org.mongodb.driver.cluster --- Exception in monitor thread while connecting to server ac-quzdbxh-shard-00-00.ulnohfc.mongodb.net:27017    
com.mongodb.MongoSocketWriteException: Exception sending message
	at com.mongodb.internal.connection.InternalStreamConnection.translateWriteException(InternalStreamConnection.java:691)
	at com.mongodb.internal.connection.InternalStreamConnection.sendMessage(InternalStreamConnection.java:564)
	at com.mongodb.internal.connection.InternalStreamConnection.sendCommandMessage(InternalStreamConnection.java:396)
	at com.mongodb.internal.connection.InternalStreamConnection.sendAndReceive(InternalStreamConnection.java:346)
	at com.mongodb.internal.connection.CommandHelper.sendAndReceive(CommandHelper.java:92)
	at com.mongodb.internal.connection.CommandHelper.executeCommand(CommandHelper.java:48)
	at com.mongodb.internal.connection.InternalStreamConnectionInitializer.initializeConnectionDescription(InternalStreamConnectionInitializer.java:130)
	at com.mongodb.internal.connection.InternalStreamConnectionInitializer.startHandshake(InternalStreamConnectionInitializer.java:78)
	at com.mongodb.internal.connection.InternalStreamConnection.open(InternalStreamConnection.java:203)
	at com.mongodb.internal.connection.DefaultServerMonitor$ServerMonitorRunnable.lookupServerDescription(DefaultServerMonitor.java:193)
	at com.mongodb.internal.connection.DefaultServerMonitor$ServerMonitorRunnable.run(DefaultServerMonitor.java:153)
	at java.base/java.lang.Thread.run(Thread.java:1583)
Caused by: javax.net.ssl.SSLException: Received fatal alert: internal_error
	at java.base/sun.security.ssl.Alert.createSSLException(Alert.java:132)
	at java.base/sun.security.ssl.Alert.createSSLException(Alert.java:117)
	at java.base/sun.security.ssl.TransportContext.fatal(TransportContext.java:365)
	at java.base/sun.security.ssl.Alert$AlertConsumer.consume(Alert.java:287)
	at java.base/sun.security.ssl.TransportContext.dispatch(TransportContext.java:204)
	at java.base/sun.security.ssl.SSLTransport.decode(SSLTransport.java:172)
	at java.base/sun.security.ssl.SSLSocketImpl.decode(SSLSocketImpl.java:1506)
	at java.base/sun.security.ssl.SSLSocketImpl.readHandshakeRecord(SSLSocketImpl.java:1421)
	at java.base/sun.security.ssl.SSLSocketImpl.startHandshake(SSLSocketImpl.java:455)
	at java.base/sun.security.ssl.SSLSocketImpl.ensureNegotiated(SSLSocketImpl.java:922)
	at java.base/sun.security.ssl.SSLSocketImpl$AppOutputStream.write(SSLSocketImpl.java:1291)
	at com.mongodb.internal.connection.SocketStream.write(SocketStream.java:165)
	at com.mongodb.internal.connection.InternalStreamConnection.sendMessage(InternalStreamConnection.java:561)
	... 10 common frames omitted
