25-08-14 16:14:30.529 [main] INFO  n.e.journalApp.JournalApplication --- Starting JournalApplication using Java 21.0.1 with PID 5408 (C:\Users\HP\Downloads\journalApp\Spring Boot\journalApp\target\classes started by Saif Ali in C:\Users\HP\Downloads\journalApp\Spring Boot)    
25-08-14 16:14:30.537 [main] INFO  n.e.journalApp.JournalApplication --- No active profile set, falling back to 1 default profile: "default"    
25-08-14 16:14:32.205 [main] INFO  o.s.d.r.c.RepositoryConfigurationDelegate --- Multiple Spring Data modules found, entering strict repository configuration mode    
25-08-14 16:14:32.209 [main] INFO  o.s.d.r.c.RepositoryConfigurationDelegate --- Bootstrapping Spring Data MongoDB repositories in DEFAULT mode.    
25-08-14 16:14:32.473 [main] INFO  o.s.d.r.c.RepositoryConfigurationDelegate --- Finished Spring Data repository scanning in 257 ms. Found 3 MongoDB repository interfaces.    
25-08-14 16:14:32.505 [main] INFO  o.s.d.r.c.RepositoryConfigurationDelegate --- Multiple Spring Data modules found, entering strict repository configuration mode    
25-08-14 16:14:32.506 [main] INFO  o.s.d.r.c.RepositoryConfigurationDelegate --- Bootstrapping Spring Data Redis repositories in DEFAULT mode.    
25-08-14 16:14:32.535 [main] INFO  o.s.d.r.c.RepositoryConfigurationExtensionSupport --- Spring Data Redis - Could not safely identify store assignment for repository candidate interface net.engineeringsaif.journalApp.repository.ConfigJournalAppRepository; If you want this repository to be a Redis repository, consider annotating your entities with one of these annotations: org.springframework.data.redis.core.RedisHash (preferred), or consider extending one of the following types with your repository: org.springframework.data.keyvalue.repository.KeyValueRepository    
25-08-14 16:14:32.536 [main] INFO  o.s.d.r.c.RepositoryConfigurationExtensionSupport --- Spring Data Redis - Could not safely identify store assignment for repository candidate interface net.engineeringsaif.journalApp.repository.JournalEntryRepository; If you want this repository to be a Redis repository, consider annotating your entities with one of these annotations: org.springframework.data.redis.core.RedisHash (preferred), or consider extending one of the following types with your repository: org.springframework.data.keyvalue.repository.KeyValueRepository    
25-08-14 16:14:32.536 [main] INFO  o.s.d.r.c.RepositoryConfigurationExtensionSupport --- Spring Data Redis - Could not safely identify store assignment for repository candidate interface net.engineeringsaif.journalApp.repository.UserRepository; If you want this repository to be a Redis repository, consider annotating your entities with one of these annotations: org.springframework.data.redis.core.RedisHash (preferred), or consider extending one of the following types with your repository: org.springframework.data.keyvalue.repository.KeyValueRepository    
25-08-14 16:14:32.536 [main] INFO  o.s.d.r.c.RepositoryConfigurationDelegate --- Finished Spring Data repository scanning in 16 ms. Found 0 Redis repository interfaces.    
25-08-14 16:14:33.672 [main] INFO  o.s.b.w.e.tomcat.TomcatWebServer --- Tomcat initialized with port 8081 (http)    
25-08-14 16:14:33.701 [main] INFO  o.a.coyote.http11.Http11NioProtocol --- Initializing ProtocolHandler ["http-nio-8081"]    
25-08-14 16:14:33.706 [main] INFO  o.a.catalina.core.StandardService --- Starting service [Tomcat]    
25-08-14 16:14:33.707 [main] INFO  o.a.catalina.core.StandardEngine --- Starting Servlet engine: [Apache Tomcat/10.1.42]    
25-08-14 16:14:33.809 [main] INFO  o.a.c.c.C.[.[localhost].[/journal] --- Initializing Spring embedded WebApplicationContext    
25-08-14 16:14:33.810 [main] INFO  o.s.b.w.s.c.ServletWebServerApplicationContext --- Root WebApplicationContext: initialization completed in 3126 ms    
25-08-14 16:14:34.322 [main] INFO  org.mongodb.driver.client --- MongoClient with metadata {"application": {"name": "Cluster0"}, "driver": {"name": "mongo-java-driver|sync|spring-boot", "version": "5.0.1"}, "os": {"type": "Windows", "name": "Windows 11", "architecture": "amd64", "version": "10.0"}, "platform": "Java/Oracle Corporation/21.0.1+12-LTS-29"} created with settings MongoClientSettings{readPreference=primary, writeConcern=WriteConcern{w=majority, wTimeout=null ms, journal=null}, retryWrites=true, retryReads=true, readConcern=ReadConcern{level=null}, credential=MongoCredential{mechanism=null, userName='mdsaifalikhan493', source='admin', password=<hidden>, mechanismProperties=<hidden>}, transportSettings=null, commandListeners=[], codecRegistry=ProvidersCodecRegistry{codecProviders=[ValueCodecProvider{}, BsonValueCodecProvider{}, DBRefCodecProvider{}, DBObjectCodecProvider{}, DocumentCodecProvider{}, CollectionCodecProvider{}, IterableCodecProvider{}, MapCodecProvider{}, GeoJsonCodecProvider{}, GridFSFileCodecProvider{}, Jsr310CodecProvider{}, JsonObjectCodecProvider{}, BsonCodecProvider{}, EnumCodecProvider{}, com.mongodb.client.model.mql.ExpressionCodecProvider@75793f17, com.mongodb.Jep395RecordCodecProvider@4652c74d, com.mongodb.KotlinCodecProvider@4cc12db2]}, loggerSettings=LoggerSettings{maxDocumentLength=1000}, clusterSettings={hosts=[127.0.0.1:27017], srvHost=cluster0.ulnohfc.mongodb.net, srvServiceName=mongodb, mode=MULTIPLE, requiredClusterType=REPLICA_SET, requiredReplicaSetName='atlas-1wxpy7-shard-0', serverSelector='null', clusterListeners='[]', serverSelectionTimeout='30000 ms', localThreshold='15 ms'}, socketSettings=SocketSettings{connectTimeoutMS=10000, readTimeoutMS=0, receiveBufferSize=0, proxySettings=ProxySettings{host=null, port=null, username=null, password=null}}, heartbeatSocketSettings=SocketSettings{connectTimeoutMS=10000, readTimeoutMS=10000, receiveBufferSize=0, proxySettings=ProxySettings{host=null, port=null, username=null, password=null}}, connectionPoolSettings=ConnectionPoolSettings{maxSize=100, minSize=0, maxWaitTimeMS=120000, maxConnectionLifeTimeMS=0, maxConnectionIdleTimeMS=0, maintenanceInitialDelayMS=0, maintenanceFrequencyMS=60000, connectionPoolListeners=[], maxConnecting=2}, serverSettings=ServerSettings{heartbeatFrequencyMS=10000, minHeartbeatFrequencyMS=500, serverListeners='[]', serverMonitorListeners='[]'}, sslSettings=SslSettings{enabled=true, invalidHostNameAllowed=false, context=null}, applicationName='Cluster0', compressorList=[], uuidRepresentation=JAVA_LEGACY, serverApi=null, autoEncryptionSettings=null, dnsClient=null, inetAddressResolver=null, contextProvider=null}    
25-08-14 16:14:34.385 [cluster-ClusterId{value='689dbe12d01288295219a0cd', description='Cluster0'}-srv-cluster0.ulnohfc.mongodb.net] INFO  org.mongodb.driver.cluster --- Adding discovered server ac-quzdbxh-shard-00-00.ulnohfc.mongodb.net:27017 to client view of cluster    
25-08-14 16:14:34.467 [cluster-ClusterId{value='689dbe12d01288295219a0cd', description='Cluster0'}-srv-cluster0.ulnohfc.mongodb.net] INFO  org.mongodb.driver.cluster --- Adding discovered server ac-quzdbxh-shard-00-01.ulnohfc.mongodb.net:27017 to client view of cluster    
25-08-14 16:14:34.473 [cluster-ClusterId{value='689dbe12d01288295219a0cd', description='Cluster0'}-srv-cluster0.ulnohfc.mongodb.net] INFO  org.mongodb.driver.cluster --- Adding discovered server ac-quzdbxh-shard-00-02.ulnohfc.mongodb.net:27017 to client view of cluster    
25-08-14 16:14:35.154 [main] INFO  org.mongodb.driver.cluster --- Waiting for server to become available for operation with ID 7. Remaining time: 30000 ms. Selector: WritableServerSelector, topology description: {type=REPLICA_SET, servers=[{address=ac-quzdbxh-shard-00-00.ulnohfc.mongodb.net:27017, type=UNKNOWN, state=CONNECTING}, {address=ac-quzdbxh-shard-00-02.ulnohfc.mongodb.net:27017, type=UNKNOWN, state=CONNECTING}, {address=ac-quzdbxh-shard-00-01.ulnohfc.mongodb.net:27017, type=UNKNOWN, state=CONNECTING}].    
25-08-14 16:14:35.518 [cluster-ClusterId{value='689dbe12d01288295219a0cd', description='Cluster0'}-ac-quzdbxh-shard-00-02.ulnohfc.mongodb.net:27017] INFO  org.mongodb.driver.cluster --- Monitor thread successfully connected to server with description ServerDescription{address=ac-quzdbxh-shard-00-02.ulnohfc.mongodb.net:27017, type=REPLICA_SET_PRIMARY, state=CONNECTED, ok=true, minWireVersion=0, maxWireVersion=25, maxDocumentSize=16777216, logicalSessionTimeoutMinutes=30, roundTripTimeNanos=572193900, setName='atlas-1wxpy7-shard-0', canonicalAddress=ac-quzdbxh-shard-00-02.ulnohfc.mongodb.net:27017, hosts=[ac-quzdbxh-shard-00-01.ulnohfc.mongodb.net:27017, ac-quzdbxh-shard-00-02.ulnohfc.mongodb.net:27017, ac-quzdbxh-shard-00-00.ulnohfc.mongodb.net:27017], passives=[], arbiters=[], primary='ac-quzdbxh-shard-00-02.ulnohfc.mongodb.net:27017', tagSet=TagSet{[Tag{name='availabilityZone', value='aps1-az2'}, Tag{name='diskState', value='READY'}, Tag{name='nodeType', value='ELECTABLE'}, Tag{name='provider', value='AWS'}, Tag{name='region', value='AP_SOUTH_1'}, Tag{name='workloadType', value='OPERATIONAL'}]}, electionId=7fffffff0000000000000050, setVersion=43, topologyVersion=TopologyVersion{processId=689ba3e612b5fbe8f37033d1, counter=6}, lastWriteDate=Thu Aug 14 16:14:25 IST 2025, lastUpdateTimeNanos=353632419470900}    
25-08-14 16:14:35.519 [cluster-ClusterId{value='689dbe12d01288295219a0cd', description='Cluster0'}-ac-quzdbxh-shard-00-01.ulnohfc.mongodb.net:27017] INFO  org.mongodb.driver.cluster --- Monitor thread successfully connected to server with description ServerDescription{address=ac-quzdbxh-shard-00-01.ulnohfc.mongodb.net:27017, type=REPLICA_SET_SECONDARY, state=CONNECTED, ok=true, minWireVersion=0, maxWireVersion=25, maxDocumentSize=16777216, logicalSessionTimeoutMinutes=30, roundTripTimeNanos=572420400, setName='atlas-1wxpy7-shard-0', canonicalAddress=ac-quzdbxh-shard-00-01.ulnohfc.mongodb.net:27017, hosts=[ac-quzdbxh-shard-00-01.ulnohfc.mongodb.net:27017, ac-quzdbxh-shard-00-02.ulnohfc.mongodb.net:27017, ac-quzdbxh-shard-00-00.ulnohfc.mongodb.net:27017], passives=[], arbiters=[], primary='ac-quzdbxh-shard-00-02.ulnohfc.mongodb.net:27017', tagSet=TagSet{[Tag{name='availabilityZone', value='aps1-az3'}, Tag{name='diskState', value='READY'}, Tag{name='nodeType', value='ELECTABLE'}, Tag{name='provider', value='AWS'}, Tag{name='region', value='AP_SOUTH_1'}, Tag{name='workloadType', value='OPERATIONAL'}]}, electionId=null, setVersion=43, topologyVersion=TopologyVersion{processId=689ba65eed60705c0ef3c931, counter=3}, lastWriteDate=Thu Aug 14 16:14:25 IST 2025, lastUpdateTimeNanos=353632419692400}    
25-08-14 16:14:35.519 [cluster-ClusterId{value='689dbe12d01288295219a0cd', description='Cluster0'}-ac-quzdbxh-shard-00-00.ulnohfc.mongodb.net:27017] INFO  org.mongodb.driver.cluster --- Monitor thread successfully connected to server with description ServerDescription{address=ac-quzdbxh-shard-00-00.ulnohfc.mongodb.net:27017, type=REPLICA_SET_SECONDARY, state=CONNECTED, ok=true, minWireVersion=0, maxWireVersion=25, maxDocumentSize=16777216, logicalSessionTimeoutMinutes=30, roundTripTimeNanos=572193700, setName='atlas-1wxpy7-shard-0', canonicalAddress=ac-quzdbxh-shard-00-00.ulnohfc.mongodb.net:27017, hosts=[ac-quzdbxh-shard-00-01.ulnohfc.mongodb.net:27017, ac-quzdbxh-shard-00-02.ulnohfc.mongodb.net:27017, ac-quzdbxh-shard-00-00.ulnohfc.mongodb.net:27017], passives=[], arbiters=[], primary='ac-quzdbxh-shard-00-02.ulnohfc.mongodb.net:27017', tagSet=TagSet{[Tag{name='availabilityZone', value='aps1-az1'}, Tag{name='diskState', value='READY'}, Tag{name='nodeType', value='ELECTABLE'}, Tag{name='provider', value='AWS'}, Tag{name='region', value='AP_SOUTH_1'}, Tag{name='workloadType', value='OPERATIONAL'}]}, electionId=null, setVersion=43, topologyVersion=TopologyVersion{processId=689ba0c38ecbf6dae50b1e08, counter=4}, lastWriteDate=Thu Aug 14 16:14:25 IST 2025, lastUpdateTimeNanos=353632419471100}    
25-08-14 16:14:35.527 [cluster-ClusterId{value='689dbe12d01288295219a0cd', description='Cluster0'}-ac-quzdbxh-shard-00-02.ulnohfc.mongodb.net:27017] INFO  org.mongodb.driver.cluster --- Discovered replica set primary ac-quzdbxh-shard-00-02.ulnohfc.mongodb.net:27017 with max election id 7fffffff0000000000000050 and max set version 43    
25-08-14 16:14:36.679 [main] WARN  o.s.s.c.a.a.c.InitializeUserDetailsBeanManagerConfigurer$InitializeUserDetailsManagerConfigurer --- Global AuthenticationManager configured with an AuthenticationProvider bean. UserDetailsService beans will not be used for username/password login. Consider removing the AuthenticationProvider bean. Alternatively, consider using the UserDetailsService in a manually instantiated DaoAuthenticationProvider.    
25-08-14 16:14:37.406 [main] WARN  o.s.b.w.s.c.AnnotationConfigServletWebServerApplicationContext --- Exception encountered during context initialization - cancelling refresh attempt: org.springframework.beans.factory.UnsatisfiedDependencyException: Error creating bean with name 'userScheduler': Unsatisfied dependency expressed through field 'kafkaTemplate': Error creating bean with name 'org.springframework.boot.autoconfigure.kafka.KafkaAutoConfiguration': Unsatisfied dependency expressed through constructor parameter 0: Error creating bean with name 'spring.kafka-org.springframework.boot.autoconfigure.kafka.KafkaProperties': Could not bind properties to 'KafkaProperties' : prefix=spring.kafka, ignoreInvalidFields=false, ignoreUnknownFields=true    
25-08-14 16:14:37.605 [main] INFO  o.a.catalina.core.StandardService --- Stopping service [Tomcat]    
25-08-14 16:14:37.615 [main] WARN  o.a.c.loader.WebappClassLoaderBase --- The web application [journal] appears to have started a thread named [BufferPoolPruner-1-thread-1] but has failed to stop it. This is very likely to create a memory leak. Stack trace of thread:
 java.base/jdk.internal.misc.Unsafe.park(Native Method)
 java.base/java.util.concurrent.locks.LockSupport.parkNanos(LockSupport.java:269)
 java.base/java.util.concurrent.locks.AbstractQueuedSynchronizer$ConditionObject.awaitNanos(AbstractQueuedSynchronizer.java:1758)
 java.base/java.util.concurrent.ScheduledThreadPoolExecutor$DelayedWorkQueue.take(ScheduledThreadPoolExecutor.java:1182)
 java.base/java.util.concurrent.ScheduledThreadPoolExecutor$DelayedWorkQueue.take(ScheduledThreadPoolExecutor.java:899)
 java.base/java.util.concurrent.ThreadPoolExecutor.getTask(ThreadPoolExecutor.java:1070)
 java.base/java.util.concurrent.ThreadPoolExecutor.runWorker(ThreadPoolExecutor.java:1130)
 java.base/java.util.concurrent.ThreadPoolExecutor$Worker.run(ThreadPoolExecutor.java:642)
 java.base/java.lang.Thread.run(Thread.java:1583)    
25-08-14 16:14:37.634 [main] INFO  o.s.b.a.l.ConditionEvaluationReportLogger --- 

Error starting ApplicationContext. To display the condition evaluation report re-run your application with 'debug' enabled.    
25-08-14 16:14:37.687 [main] ERROR o.s.b.d.LoggingFailureAnalysisReporter --- 

***************************
APPLICATION FAILED TO START
***************************

Description:

Failed to bind properties under 'spring.kafka.consumer.value-deserializer' to java.lang.Class<?>:

    Property: spring.kafka.consumer.value-deserializer
    Value: "org.apache.kafka.support.serializer.JsonDeserializer"
    Origin: class path resource [application.yml] - 49:27
    Reason: failed to convert java.lang.String to java.lang.Class<?> (caused by java.lang.ClassNotFoundException: org.apache.kafka.support.serializer.JsonDeserializer)

Action:

Update your application's configuration
    
