25-07-23 01:04:25.022 [main] INFO  n.e.journalApp.JournalApplication --- Starting JournalApplication using Java 21.0.1 with PID 26096 (C:\Users\HP\Downloads\journalApp\Spring Boot\journalApp\target\classes started by Saif Ali in C:\Users\HP\Downloads\journalApp\Spring Boot)    
25-07-23 01:04:25.028 [main] INFO  n.e.journalApp.JournalApplication --- No active profile set, falling back to 1 default profile: "default"    
25-07-23 01:04:25.872 [main] INFO  o.s.d.r.c.RepositoryConfigurationDelegate --- Bootstrapping Spring Data MongoDB repositories in DEFAULT mode.    
25-07-23 01:04:25.940 [main] INFO  o.s.d.r.c.RepositoryConfigurationDelegate --- Finished Spring Data repository scanning in 61 ms. Found 2 MongoDB repository interfaces.    
25-07-23 01:04:26.478 [main] INFO  o.s.b.w.e.tomcat.TomcatWebServer --- Tomcat initialized with port 8081 (http)    
25-07-23 01:04:26.487 [main] INFO  o.a.coyote.http11.Http11NioProtocol --- Initializing ProtocolHandler ["http-nio-8081"]    
25-07-23 01:04:26.489 [main] INFO  o.a.catalina.core.StandardService --- Starting service [Tomcat]    
25-07-23 01:04:26.489 [main] INFO  o.a.catalina.core.StandardEngine --- Starting Servlet engine: [Apache Tomcat/10.1.42]    
25-07-23 01:04:26.544 [main] INFO  o.a.c.c.C.[.[localhost].[/journal] --- Initializing Spring embedded WebApplicationContext    
25-07-23 01:04:26.544 [main] INFO  o.s.b.w.s.c.ServletWebServerApplicationContext --- Root WebApplicationContext: initialization completed in 1456 ms    
25-07-23 01:04:26.839 [cluster-ClusterId{value='687fe7c223a145523c29c0eb', description='Cluster0'}-srv-cluster0.ulnohfc.mongodb.net] INFO  org.mongodb.driver.cluster --- Adding discovered server ac-quzdbxh-shard-00-00.ulnohfc.mongodb.net:27017 to client view of cluster    
25-07-23 01:04:26.860 [main] INFO  org.mongodb.driver.client --- MongoClient with metadata {"application": {"name": "Cluster0"}, "driver": {"name": "mongo-java-driver|sync|spring-boot", "version": "5.0.1"}, "os": {"type": "Windows", "name": "Windows 11", "architecture": "amd64", "version": "10.0"}, "platform": "Java/Oracle Corporation/21.0.1+12-LTS-29"} created with settings MongoClientSettings{readPreference=primary, writeConcern=WriteConcern{w=majority, wTimeout=null ms, journal=null}, retryWrites=true, retryReads=true, readConcern=ReadConcern{level=null}, credential=MongoCredential{mechanism=null, userName='mdsaifalikhan493', source='admin', password=<hidden>, mechanismProperties=<hidden>}, transportSettings=null, commandListeners=[], codecRegistry=ProvidersCodecRegistry{codecProviders=[ValueCodecProvider{}, BsonValueCodecProvider{}, DBRefCodecProvider{}, DBObjectCodecProvider{}, DocumentCodecProvider{}, CollectionCodecProvider{}, IterableCodecProvider{}, MapCodecProvider{}, GeoJsonCodecProvider{}, GridFSFileCodecProvider{}, Jsr310CodecProvider{}, JsonObjectCodecProvider{}, BsonCodecProvider{}, EnumCodecProvider{}, com.mongodb.client.model.mql.ExpressionCodecProvider@6e02721d, com.mongodb.Jep395RecordCodecProvider@902fdbe, com.mongodb.KotlinCodecProvider@796d33eb]}, loggerSettings=LoggerSettings{maxDocumentLength=1000}, clusterSettings={hosts=[127.0.0.1:27017], srvHost=cluster0.ulnohfc.mongodb.net, srvServiceName=mongodb, mode=MULTIPLE, requiredClusterType=REPLICA_SET, requiredReplicaSetName='atlas-1wxpy7-shard-0', serverSelector='null', clusterListeners='[]', serverSelectionTimeout='30000 ms', localThreshold='15 ms'}, socketSettings=SocketSettings{connectTimeoutMS=10000, readTimeoutMS=0, receiveBufferSize=0, proxySettings=ProxySettings{host=null, port=null, username=null, password=null}}, heartbeatSocketSettings=SocketSettings{connectTimeoutMS=10000, readTimeoutMS=10000, receiveBufferSize=0, proxySettings=ProxySettings{host=null, port=null, username=null, password=null}}, connectionPoolSettings=ConnectionPoolSettings{maxSize=100, minSize=0, maxWaitTimeMS=120000, maxConnectionLifeTimeMS=0, maxConnectionIdleTimeMS=0, maintenanceInitialDelayMS=0, maintenanceFrequencyMS=60000, connectionPoolListeners=[], maxConnecting=2}, serverSettings=ServerSettings{heartbeatFrequencyMS=10000, minHeartbeatFrequencyMS=500, serverListeners='[]', serverMonitorListeners='[]'}, sslSettings=SslSettings{enabled=true, invalidHostNameAllowed=false, context=null}, applicationName='Cluster0', compressorList=[], uuidRepresentation=JAVA_LEGACY, serverApi=null, autoEncryptionSettings=null, dnsClient=null, inetAddressResolver=null, contextProvider=null}    
25-07-23 01:04:26.868 [cluster-ClusterId{value='687fe7c223a145523c29c0eb', description='Cluster0'}-srv-cluster0.ulnohfc.mongodb.net] INFO  org.mongodb.driver.cluster --- Adding discovered server ac-quzdbxh-shard-00-01.ulnohfc.mongodb.net:27017 to client view of cluster    
25-07-23 01:04:26.873 [cluster-ClusterId{value='687fe7c223a145523c29c0eb', description='Cluster0'}-srv-cluster0.ulnohfc.mongodb.net] INFO  org.mongodb.driver.cluster --- Adding discovered server ac-quzdbxh-shard-00-02.ulnohfc.mongodb.net:27017 to client view of cluster    
25-07-23 01:04:27.249 [main] INFO  org.mongodb.driver.cluster --- Waiting for server to become available for operation with ID 7. Remaining time: 30000 ms. Selector: WritableServerSelector, topology description: {type=REPLICA_SET, servers=[{address=ac-quzdbxh-shard-00-00.ulnohfc.mongodb.net:27017, type=UNKNOWN, state=CONNECTING}, {address=ac-quzdbxh-shard-00-02.ulnohfc.mongodb.net:27017, type=UNKNOWN, state=CONNECTING}, {address=ac-quzdbxh-shard-00-01.ulnohfc.mongodb.net:27017, type=UNKNOWN, state=CONNECTING}].    
25-07-23 01:04:27.505 [cluster-ClusterId{value='687fe7c223a145523c29c0eb', description='Cluster0'}-ac-quzdbxh-shard-00-00.ulnohfc.mongodb.net:27017] INFO  org.mongodb.driver.cluster --- Monitor thread successfully connected to server with description ServerDescription{address=ac-quzdbxh-shard-00-00.ulnohfc.mongodb.net:27017, type=REPLICA_SET_SECONDARY, state=CONNECTED, ok=true, minWireVersion=0, maxWireVersion=25, maxDocumentSize=16777216, logicalSessionTimeoutMinutes=30, roundTripTimeNanos=358296599, setName='atlas-1wxpy7-shard-0', canonicalAddress=ac-quzdbxh-shard-00-00.ulnohfc.mongodb.net:27017, hosts=[ac-quzdbxh-shard-00-01.ulnohfc.mongodb.net:27017, ac-quzdbxh-shard-00-02.ulnohfc.mongodb.net:27017, ac-quzdbxh-shard-00-00.ulnohfc.mongodb.net:27017], passives=[], arbiters=[], primary='ac-quzdbxh-shard-00-02.ulnohfc.mongodb.net:27017', tagSet=TagSet{[Tag{name='availabilityZone', value='aps1-az1'}, Tag{name='diskState', value='READY'}, Tag{name='nodeType', value='ELECTABLE'}, Tag{name='provider', value='AWS'}, Tag{name='region', value='AP_SOUTH_1'}, Tag{name='workloadType', value='OPERATIONAL'}]}, electionId=null, setVersion=43, topologyVersion=TopologyVersion{processId=687aaa6baa2a43f2ed60af0b, counter=4}, lastWriteDate=Wed Jul 23 01:04:24 IST 2025, lastUpdateTimeNanos=1084267840959100}    
25-07-23 01:04:27.505 [cluster-ClusterId{value='687fe7c223a145523c29c0eb', description='Cluster0'}-ac-quzdbxh-shard-00-02.ulnohfc.mongodb.net:27017] INFO  org.mongodb.driver.cluster --- Monitor thread successfully connected to server with description ServerDescription{address=ac-quzdbxh-shard-00-02.ulnohfc.mongodb.net:27017, type=REPLICA_SET_PRIMARY, state=CONNECTED, ok=true, minWireVersion=0, maxWireVersion=25, maxDocumentSize=16777216, logicalSessionTimeoutMinutes=30, roundTripTimeNanos=344086700, setName='atlas-1wxpy7-shard-0', canonicalAddress=ac-quzdbxh-shard-00-02.ulnohfc.mongodb.net:27017, hosts=[ac-quzdbxh-shard-00-01.ulnohfc.mongodb.net:27017, ac-quzdbxh-shard-00-02.ulnohfc.mongodb.net:27017, ac-quzdbxh-shard-00-00.ulnohfc.mongodb.net:27017], passives=[], arbiters=[], primary='ac-quzdbxh-shard-00-02.ulnohfc.mongodb.net:27017', tagSet=TagSet{[Tag{name='availabilityZone', value='aps1-az2'}, Tag{name='diskState', value='READY'}, Tag{name='nodeType', value='ELECTABLE'}, Tag{name='provider', value='AWS'}, Tag{name='region', value='AP_SOUTH_1'}, Tag{name='workloadType', value='OPERATIONAL'}]}, electionId=7fffffff000000000000004c, setVersion=43, topologyVersion=TopologyVersion{processId=687aad850157431547d92519, counter=6}, lastWriteDate=Wed Jul 23 01:04:24 IST 2025, lastUpdateTimeNanos=1084267840815899}    
25-07-23 01:04:27.505 [cluster-ClusterId{value='687fe7c223a145523c29c0eb', description='Cluster0'}-ac-quzdbxh-shard-00-01.ulnohfc.mongodb.net:27017] INFO  org.mongodb.driver.cluster --- Monitor thread successfully connected to server with description ServerDescription{address=ac-quzdbxh-shard-00-01.ulnohfc.mongodb.net:27017, type=REPLICA_SET_SECONDARY, state=CONNECTED, ok=true, minWireVersion=0, maxWireVersion=25, maxDocumentSize=16777216, logicalSessionTimeoutMinutes=30, roundTripTimeNanos=352313700, setName='atlas-1wxpy7-shard-0', canonicalAddress=ac-quzdbxh-shard-00-01.ulnohfc.mongodb.net:27017, hosts=[ac-quzdbxh-shard-00-01.ulnohfc.mongodb.net:27017, ac-quzdbxh-shard-00-02.ulnohfc.mongodb.net:27017, ac-quzdbxh-shard-00-00.ulnohfc.mongodb.net:27017], passives=[], arbiters=[], primary='ac-quzdbxh-shard-00-02.ulnohfc.mongodb.net:27017', tagSet=TagSet{[Tag{name='availabilityZone', value='aps1-az3'}, Tag{name='diskState', value='READY'}, Tag{name='nodeType', value='ELECTABLE'}, Tag{name='provider', value='AWS'}, Tag{name='region', value='AP_SOUTH_1'}, Tag{name='workloadType', value='OPERATIONAL'}]}, electionId=null, setVersion=43, topologyVersion=TopologyVersion{processId=687ab04ea72722a3006fd89b, counter=3}, lastWriteDate=Wed Jul 23 01:04:24 IST 2025, lastUpdateTimeNanos=1084267840815899}    
25-07-23 01:04:27.509 [cluster-ClusterId{value='687fe7c223a145523c29c0eb', description='Cluster0'}-ac-quzdbxh-shard-00-02.ulnohfc.mongodb.net:27017] INFO  org.mongodb.driver.cluster --- Discovered replica set primary ac-quzdbxh-shard-00-02.ulnohfc.mongodb.net:27017 with max election id 7fffffff000000000000004c and max set version 43    
25-07-23 01:04:28.137 [main] INFO  o.s.s.c.a.a.c.InitializeAuthenticationProviderBeanManagerConfigurer$InitializeAuthenticationProviderManagerConfigurer --- Global AuthenticationManager configured with AuthenticationProvider bean with name authenticationProvider    
25-07-23 01:04:28.138 [main] WARN  o.s.s.c.a.a.c.InitializeUserDetailsBeanManagerConfigurer$InitializeUserDetailsManagerConfigurer --- Global AuthenticationManager configured with an AuthenticationProvider bean. UserDetailsService beans will not be used for username/password login. Consider removing the AuthenticationProvider bean. Alternatively, consider using the UserDetailsService in a manually instantiated DaoAuthenticationProvider.    
25-07-23 01:04:28.593 [main] INFO  o.a.coyote.http11.Http11NioProtocol --- Starting ProtocolHandler ["http-nio-8081"]    
25-07-23 01:04:28.606 [main] INFO  o.s.b.w.e.tomcat.TomcatWebServer --- Tomcat started on port 8081 (http) with context path '/journal'    
25-07-23 01:04:28.615 [main] INFO  n.e.journalApp.JournalApplication --- Started JournalApplication in 3.998 seconds (process running for 4.632)    
25-07-23 01:04:36.450 [http-nio-8081-exec-1] INFO  o.a.c.c.C.[.[localhost].[/journal] --- Initializing Spring DispatcherServlet 'dispatcherServlet'    
25-07-23 01:04:36.450 [http-nio-8081-exec-1] INFO  o.s.web.servlet.DispatcherServlet --- Initializing Servlet 'dispatcherServlet'    
25-07-23 01:04:36.450 [http-nio-8081-exec-1] INFO  o.s.web.servlet.DispatcherServlet --- Completed initialization in 0 ms    
25-07-23 01:04:36.833 [http-nio-8081-exec-1] INFO  n.e.j.service.WeatherService --- Requesting Weather API with URL: http://api.weatherstack.com/current?access_key=7c24fb3dad0976fe71cf4062c2fc139b&query=Mumbai    
25-07-23 01:04:37.447 [http-nio-8081-exec-1] INFO  n.e.j.service.WeatherService --- API Response Status: 200 OK    
25-07-23 01:04:37.451 [http-nio-8081-exec-1] INFO  n.e.j.service.WeatherService --- Requesting Weather API with URL: http://api.weatherstack.com/current?access_key=7c24fb3dad0976fe71cf4062c2fc139b&query=Mumbai    
25-07-23 01:04:37.914 [http-nio-8081-exec-1] ERROR n.e.j.service.WeatherService --- API call failed: 429 Too Many Requests: "{"success":false,"error":{"code":106,"type":"rate_limit_reached","info":"You have exceeded the maximum rate limitation allowed on your subscription plan. Please refer to the \"Rate Limits\" section of the API Documentation for details. "}}"    
25-07-23 01:04:37.920 [http-nio-8081-exec-1] ERROR o.a.c.c.C.[.[.[.[dispatcherServlet] --- Servlet.service() for servlet [dispatcherServlet] in context with path [/journal] threw exception [Request processing failed: org.springframework.web.client.HttpClientErrorException$TooManyRequests: 429 Too Many Requests: "{"success":false,"error":{"code":106,"type":"rate_limit_reached","info":"You have exceeded the maximum rate limitation allowed on your subscription plan. Please refer to the \"Rate Limits\" section of the API Documentation for details. "}}"] with root cause    
org.springframework.web.client.HttpClientErrorException$TooManyRequests: 429 Too Many Requests: "{"success":false,"error":{"code":106,"type":"rate_limit_reached","info":"You have exceeded the maximum rate limitation allowed on your subscription plan. Please refer to the \"Rate Limits\" section of the API Documentation for details. "}}"
	at org.springframework.web.client.HttpClientErrorException.create(HttpClientErrorException.java:130)
	at org.springframework.web.client.DefaultResponseErrorHandler.handleError(DefaultResponseErrorHandler.java:183)
	at org.springframework.web.client.DefaultResponseErrorHandler.handleError(DefaultResponseErrorHandler.java:137)
	at org.springframework.web.client.ResponseErrorHandler.handleError(ResponseErrorHandler.java:63)
	at org.springframework.web.client.RestTemplate.handleResponse(RestTemplate.java:942)
	at org.springframework.web.client.RestTemplate.doExecute(RestTemplate.java:891)
	at org.springframework.web.client.RestTemplate.execute(RestTemplate.java:790)
	at org.springframework.web.client.RestTemplate.exchange(RestTemplate.java:672)
	at net.engineeringsaif.journalApp.service.WeatherService.getWeather(WeatherService.java:27)
	at net.engineeringsaif.journalApp.controller.UserController.greeting(UserController.java:49)
	at net.engineeringsaif.journalApp.controller.UserController.greeting(UserController.java:54)
	at java.base/jdk.internal.reflect.DirectMethodHandleAccessor.invoke(DirectMethodHandleAccessor.java:103)
	at java.base/java.lang.reflect.Method.invoke(Method.java:580)
	at org.springframework.web.method.support.InvocableHandlerMethod.doInvoke(InvocableHandlerMethod.java:255)
	at org.springframework.web.method.support.InvocableHandlerMethod.invokeForRequest(InvocableHandlerMethod.java:188)
	at org.springframework.web.servlet.mvc.method.annotation.ServletInvocableHandlerMethod.invokeAndHandle(ServletInvocableHandlerMethod.java:118)
	at org.springframework.web.servlet.mvc.method.annotation.RequestMappingHandlerAdapter.invokeHandlerMethod(RequestMappingHandlerAdapter.java:926)
	at org.springframework.web.servlet.mvc.method.annotation.RequestMappingHandlerAdapter.handleInternal(RequestMappingHandlerAdapter.java:831)
	at org.springframework.web.servlet.mvc.method.AbstractHandlerMethodAdapter.handle(AbstractHandlerMethodAdapter.java:87)
	at org.springframework.web.servlet.DispatcherServlet.doDispatch(DispatcherServlet.java:1089)
	at org.springframework.web.servlet.DispatcherServlet.doService(DispatcherServlet.java:979)
	at org.springframework.web.servlet.FrameworkServlet.processRequest(FrameworkServlet.java:1014)
	at org.springframework.web.servlet.FrameworkServlet.doGet(FrameworkServlet.java:903)
	at jakarta.servlet.http.HttpServlet.service(HttpServlet.java:564)
	at org.springframework.web.servlet.FrameworkServlet.service(FrameworkServlet.java:885)
	at jakarta.servlet.http.HttpServlet.service(HttpServlet.java:658)
	at org.apache.catalina.core.ApplicationFilterChain.internalDoFilter(ApplicationFilterChain.java:195)
	at org.apache.catalina.core.ApplicationFilterChain.doFilter(ApplicationFilterChain.java:140)
	at org.apache.tomcat.websocket.server.WsFilter.doFilter(WsFilter.java:51)
	at org.apache.catalina.core.ApplicationFilterChain.internalDoFilter(ApplicationFilterChain.java:164)
	at org.apache.catalina.core.ApplicationFilterChain.doFilter(ApplicationFilterChain.java:140)
	at org.springframework.web.filter.CompositeFilter$VirtualFilterChain.doFilter(CompositeFilter.java:108)
	at org.springframework.security.web.FilterChainProxy.lambda$doFilterInternal$3(FilterChainProxy.java:231)
	at org.springframework.security.web.FilterChainProxy$VirtualFilterChain.doFilter(FilterChainProxy.java:365)
	at org.springframework.security.web.access.intercept.AuthorizationFilter.doFilter(AuthorizationFilter.java:100)
	at org.springframework.security.web.FilterChainProxy$VirtualFilterChain.doFilter(FilterChainProxy.java:374)
	at org.springframework.security.web.access.ExceptionTranslationFilter.doFilter(ExceptionTranslationFilter.java:126)
	at org.springframework.security.web.access.ExceptionTranslationFilter.doFilter(ExceptionTranslationFilter.java:120)
	at org.springframework.security.web.FilterChainProxy$VirtualFilterChain.doFilter(FilterChainProxy.java:374)
	at org.springframework.security.web.authentication.AnonymousAuthenticationFilter.doFilter(AnonymousAuthenticationFilter.java:100)
	at org.springframework.security.web.FilterChainProxy$VirtualFilterChain.doFilter(FilterChainProxy.java:374)
	at org.springframework.security.web.servletapi.SecurityContextHolderAwareRequestFilter.doFilter(SecurityContextHolderAwareRequestFilter.java:179)
	at org.springframework.security.web.FilterChainProxy$VirtualFilterChain.doFilter(FilterChainProxy.java:374)
	at org.springframework.security.web.savedrequest.RequestCacheAwareFilter.doFilter(RequestCacheAwareFilter.java:63)
	at org.springframework.security.web.FilterChainProxy$VirtualFilterChain.doFilter(FilterChainProxy.java:374)
	at org.springframework.security.web.authentication.www.BasicAuthenticationFilter.doFilterInternal(BasicAuthenticationFilter.java:213)
	at org.springframework.web.filter.OncePerRequestFilter.doFilter(OncePerRequestFilter.java:116)
	at org.springframework.security.web.FilterChainProxy$VirtualFilterChain.doFilter(FilterChainProxy.java:374)
	at org.springframework.security.web.authentication.logout.LogoutFilter.doFilter(LogoutFilter.java:107)
	at org.springframework.security.web.authentication.logout.LogoutFilter.doFilter(LogoutFilter.java:93)
	at org.springframework.security.web.FilterChainProxy$VirtualFilterChain.doFilter(FilterChainProxy.java:374)
	at org.springframework.security.web.header.HeaderWriterFilter.doHeadersAfter(HeaderWriterFilter.java:90)
	at org.springframework.security.web.header.HeaderWriterFilter.doFilterInternal(HeaderWriterFilter.java:75)
	at org.springframework.web.filter.OncePerRequestFilter.doFilter(OncePerRequestFilter.java:116)
	at org.springframework.security.web.FilterChainProxy$VirtualFilterChain.doFilter(FilterChainProxy.java:374)
	at org.springframework.security.web.context.SecurityContextHolderFilter.doFilter(SecurityContextHolderFilter.java:82)
	at org.springframework.security.web.context.SecurityContextHolderFilter.doFilter(SecurityContextHolderFilter.java:69)
	at org.springframework.security.web.FilterChainProxy$VirtualFilterChain.doFilter(FilterChainProxy.java:374)
	at org.springframework.security.web.context.request.async.WebAsyncManagerIntegrationFilter.doFilterInternal(WebAsyncManagerIntegrationFilter.java:62)
	at org.springframework.web.filter.OncePerRequestFilter.doFilter(OncePerRequestFilter.java:116)
	at org.springframework.security.web.FilterChainProxy$VirtualFilterChain.doFilter(FilterChainProxy.java:374)
	at org.springframework.security.web.session.DisableEncodeUrlFilter.doFilterInternal(DisableEncodeUrlFilter.java:42)
	at org.springframework.web.filter.OncePerRequestFilter.doFilter(OncePerRequestFilter.java:116)
	at org.springframework.security.web.FilterChainProxy$VirtualFilterChain.doFilter(FilterChainProxy.java:374)
	at org.springframework.security.web.FilterChainProxy.doFilterInternal(FilterChainProxy.java:233)
	at org.springframework.security.web.FilterChainProxy.doFilter(FilterChainProxy.java:191)
	at org.springframework.web.filter.CompositeFilter$VirtualFilterChain.doFilter(CompositeFilter.java:113)
	at org.springframework.web.servlet.handler.HandlerMappingIntrospector.lambda$createCacheFilter$3(HandlerMappingIntrospector.java:195)
	at org.springframework.web.filter.CompositeFilter$VirtualFilterChain.doFilter(CompositeFilter.java:113)
	at org.springframework.web.filter.CompositeFilter.doFilter(CompositeFilter.java:74)
	at org.springframework.security.config.annotation.web.configuration.WebMvcSecurityConfiguration$CompositeFilterChainProxy.doFilter(WebMvcSecurityConfiguration.java:230)
	at org.springframework.web.filter.DelegatingFilterProxy.invokeDelegate(DelegatingFilterProxy.java:362)
	at org.springframework.web.filter.DelegatingFilterProxy.doFilter(DelegatingFilterProxy.java:278)
	at org.apache.catalina.core.ApplicationFilterChain.internalDoFilter(ApplicationFilterChain.java:164)
	at org.apache.catalina.core.ApplicationFilterChain.doFilter(ApplicationFilterChain.java:140)
	at org.springframework.web.filter.RequestContextFilter.doFilterInternal(RequestContextFilter.java:100)
	at org.springframework.web.filter.OncePerRequestFilter.doFilter(OncePerRequestFilter.java:116)
	at org.apache.catalina.core.ApplicationFilterChain.internalDoFilter(ApplicationFilterChain.java:164)
	at org.apache.catalina.core.ApplicationFilterChain.doFilter(ApplicationFilterChain.java:140)
	at org.springframework.web.filter.FormContentFilter.doFilterInternal(FormContentFilter.java:93)
	at org.springframework.web.filter.OncePerRequestFilter.doFilter(OncePerRequestFilter.java:116)
	at org.apache.catalina.core.ApplicationFilterChain.internalDoFilter(ApplicationFilterChain.java:164)
	at org.apache.catalina.core.ApplicationFilterChain.doFilter(ApplicationFilterChain.java:140)
	at org.springframework.web.filter.CharacterEncodingFilter.doFilterInternal(CharacterEncodingFilter.java:201)
	at org.springframework.web.filter.OncePerRequestFilter.doFilter(OncePerRequestFilter.java:116)
	at org.apache.catalina.core.ApplicationFilterChain.internalDoFilter(ApplicationFilterChain.java:164)
	at org.apache.catalina.core.ApplicationFilterChain.doFilter(ApplicationFilterChain.java:140)
	at org.apache.catalina.core.StandardWrapperValve.invoke(StandardWrapperValve.java:167)
	at org.apache.catalina.core.StandardContextValve.invoke(StandardContextValve.java:90)
	at org.apache.catalina.authenticator.AuthenticatorBase.invoke(AuthenticatorBase.java:483)
	at org.apache.catalina.core.StandardHostValve.invoke(StandardHostValve.java:116)
	at org.apache.catalina.valves.ErrorReportValve.invoke(ErrorReportValve.java:93)
	at org.apache.catalina.core.StandardEngineValve.invoke(StandardEngineValve.java:74)
	at org.apache.catalina.connector.CoyoteAdapter.service(CoyoteAdapter.java:344)
	at org.apache.coyote.http11.Http11Processor.service(Http11Processor.java:398)
	at org.apache.coyote.AbstractProcessorLight.process(AbstractProcessorLight.java:63)
	at org.apache.coyote.AbstractProtocol$ConnectionHandler.process(AbstractProtocol.java:903)
	at org.apache.tomcat.util.net.NioEndpoint$SocketProcessor.doRun(NioEndpoint.java:1769)
	at org.apache.tomcat.util.net.SocketProcessorBase.run(SocketProcessorBase.java:52)
	at org.apache.tomcat.util.threads.ThreadPoolExecutor.runWorker(ThreadPoolExecutor.java:1189)
	at org.apache.tomcat.util.threads.ThreadPoolExecutor$Worker.run(ThreadPoolExecutor.java:658)
	at org.apache.tomcat.util.threads.TaskThread$WrappingRunnable.run(TaskThread.java:63)
	at java.base/java.lang.Thread.run(Thread.java:1583)
